d:\송윤지\gameframework\release\vc120.pdb
d:\송윤지\gameframework\release\scenemanager.obj
d:\송윤지\gameframework\release\sample.obj
d:\송윤지\gameframework\release\helloworld.obj
d:\송윤지\gameframework\release\bwindow.obj
d:\송윤지\gameframework\release\binput.obj
d:\송윤지\gameframework\release\bimage.obj
d:\송윤지\gameframework\release\bengine.obj
d:\송윤지\gameframework\release\gameframework.exe
d:\송윤지\gameframework\release\gameframework.pdb
d:\송윤지\gameframework_v4\release\bengine.obj
d:\송윤지\gameframework_v4\release\bimage.obj
d:\송윤지\gameframework_v4\release\binput.obj
d:\송윤지\gameframework_v4\release\bwindow.obj
d:\송윤지\gameframework_v4\release\helloworld.obj
d:\송윤지\gameframework_v4\release\sample.obj
d:\송윤지\gameframework_v4\release\scenemanager.obj
d:\송윤지\gameframework_v4\release\gameframework.pdb
d:\송윤지\gameframework_v4\release\vc120.pdb
d:\송윤지\gameframework_v4\release\gameframework.exe
d:\송윤지\gameframework_v4\release\gameframework.tlog\cl.command.1.tlog
d:\송윤지\gameframework_v4\release\gameframework.tlog\cl.read.1.tlog
d:\송윤지\gameframework_v4\release\gameframework.tlog\cl.write.1.tlog
d:\송윤지\gameframework_v4\release\gameframework.tlog\link.command.1.tlog
d:\송윤지\gameframework_v4\release\gameframework.tlog\link.read.1.tlog
d:\송윤지\gameframework_v4\release\gameframework.tlog\link.write.1.tlog
